
FAILURE: Build failed with an exception.

* Where:
Settings file 'C:\Users\koush\.vscode\Ecet\trackerApp\android\settings.gradle' line: 14

* What went wrong:
Plugin [id: 'org.jetbrains.kotlin.plugin.compose', version: '1.9.24', apply: false] was not found in any of the following sources:

- Gradle Core Plugins (plugin is not in 'org.gradle' namespace)
- Included Builds (No included builds contain this plugin)
- Plugin Repositories (could not resolve plugin artifact 'org.jetbrains.kotlin.plugin.compose:org.jetbrains.kotlin.plugin.compose.gradle.plugin:1.9.24')
  Searched in the following repositories:
    Google
    MavenRepo
    Gradle Central Plugin Repository

* Try:
> Run with --stacktrace option to get the stack trace.
> Run with --info or --debug option to get more log output.
> Run with --scan to get full insights.
> Get more help at https://help.gradle.org.

BUILD FAILED in 10s
